Using pre-set license
Built from '2021.1/release' branch; Version is '2021.1.4f1 (4cd64a618c1b) revision 5035594'; Using compiler version '192528614'; Build Type 'Release'
OS: 'Windows 10 Home; OS build 22598.200; Version 2009; 64bit' Language: 'en' Physical Memory: 16166 MB
BatchMode: 1, IsHumanControllingUs: 0, StartBugReporterOnCrash: 0, Is64bit: 1, IsPro: 0

 COMMAND LINE ARGUMENTS:
C:\Program Files\Unity\Hub\Editor\2021.1.4f1\Editor\Unity.exe
-adb2
-batchMode
-noUpm
-name
AssetImportWorker0
-projectPath
C:/Users/Matt/Desktop/UIToolkitBuilder
-logFile
Logs/AssetImportWorker0.log
-srvPort
56423
Successfully changed project path to: C:/Users/Matt/Desktop/UIToolkitBuilder
C:/Users/Matt/Desktop/UIToolkitBuilder
Using Asset Import Pipeline V2.
Refreshing native plugins compatible for Editor in 81.64 ms, found 1 plugins.
Preloading 0 native plugins for Editor in 0.00 ms.
Initialize engine version: 2021.1.4f1 (4cd64a618c1b)
[Subsystems] Discovering subsystems at path C:/Program Files/Unity/Hub/Editor/2021.1.4f1/Editor/Data/Resources/UnitySubsystems
[Subsystems] Discovering subsystems at path C:/Users/Matt/Desktop/UIToolkitBuilder/Assets
GfxDevice: creating device client; threaded=0; jobified=0
Direct3D:
    Version:  Direct3D 11.0 [level 11.1]
    Renderer: NVIDIA GeForce RTX 2060 (ID=0x1f15)
    Vendor:   NVIDIA
    VRAM:     5980 MB
    Driver:   30.0.15.1179
Initialize mono
Mono path[0] = 'C:/Program Files/Unity/Hub/Editor/2021.1.4f1/Editor/Data/Managed'
Mono path[1] = 'C:/Program Files/Unity/Hub/Editor/2021.1.4f1/Editor/Data/MonoBleedingEdge/lib/mono/unityjit'
Mono config path = 'C:/Program Files/Unity/Hub/Editor/2021.1.4f1/Editor/Data/MonoBleedingEdge/etc'
Using monoOptions --debugger-agent=transport=dt_socket,embedding=1,server=y,suspend=n,address=127.0.0.1:56692
Begin MonoManager ReloadAssembly
Registering precompiled unity dll's ...
Register platform support module: C:/Program Files/Unity/Hub/Editor/2021.1.4f1/Editor/Data/PlaybackEngines/WebGLSupport/UnityEditor.WebGL.Extensions.dll
Register platform support module: C:/Program Files/Unity/Hub/Editor/2021.1.4f1/Editor/Data/PlaybackEngines/WindowsStandaloneSupport/UnityEditor.WindowsStandalone.Extensions.dll
Registered in 0.001624 seconds.
Native extension for WindowsStandalone target not found
Native extension for WebGL target not found
Refreshing native plugins compatible for Editor in 70.68 ms, found 1 plugins.
Preloading 0 native plugins for Editor in 0.00 ms.
Mono: successfully reloaded assembly
- Completed reload, in  1.909 seconds
Platform modules already initialized, skipping
Registering precompiled user dll's ...
Registered in 0.003025 seconds.
Begin MonoManager ReloadAssembly
Native extension for WindowsStandalone target not found
Native extension for WebGL target not found
Refreshing native plugins compatible for Editor in 0.41 ms, found 1 plugins.
Preloading 0 native plugins for Editor in 0.00 ms.
Mono: successfully reloaded assembly
- Completed reload, in  0.877 seconds
Platform modules already initialized, skipping
========================================================================
Worker process is ready to serve import requests
Launched and connected shader compiler UnityShaderCompiler.exe after 0.03 seconds
Refreshing native plugins compatible for Editor in 0.46 ms, found 1 plugins.
Preloading 0 native plugins for Editor in 0.00 ms.
Unloading 2669 Unused Serialized files (Serialized files now loaded: 0)
System memory in use before: 98.3 MB.
System memory in use after: 98.5 MB.

Unloading 15 unused Assets to reduce memory usage. Loaded Objects now: 3122.
Total: 2.464000 ms (FindLiveObjects: 0.370900 ms CreateObjectMapping: 0.287600 ms MarkObjects: 1.721300 ms  DeleteObjects: 0.082700 ms)

========================================================================
Received Import Request.
  path: Assets/GameDev.tv Assets/TaskList/Editor/EditorWindow/TaskListEditor.cs
  artifactKey: Guid(2f99396e397cb6d488e2e3ccba8caa06) Importer(815301076,1909f56bfc062723c751e8b465ee728b)
Start importing Assets/GameDev.tv Assets/TaskList/Editor/EditorWindow/TaskListEditor.cs using Guid(2f99396e397cb6d488e2e3ccba8caa06) Importer(815301076,1909f56bfc062723c751e8b465ee728b)  -> (artifact id: 'd2d3c5cfa7230ed28f0eda666eae1c19') in 0.017810 seconds 
========================================================================
Received Import Request.
  Time since last request: 0.051396 seconds.
  path: Assets/GameDev.tv Assets/TaskList/Editor/EditorWindow/TaskListEditor.uxml
  artifactKey: Guid(bc7dbf9911c6b984c9bfcac2fcf7e9d5) Importer(815301076,1909f56bfc062723c751e8b465ee728b)
Start importing Assets/GameDev.tv Assets/TaskList/Editor/EditorWindow/TaskListEditor.uxml using Guid(bc7dbf9911c6b984c9bfcac2fcf7e9d5) Importer(815301076,1909f56bfc062723c751e8b465ee728b)  -> (artifact id: 'f86bf9e90c9abf5bb1cc85f17dcaa323') in 0.022425 seconds 
AssetImportWorkerClient::OnTransportError - code=2 error=End of file
